<?xml version="1.0" encoding="UTF-8"?>
<testng-results total="6" passed="5" failed="1" skipped="0">
  <reporter-output>
  </reporter-output>
  <suite started-at="2025-06-18T16:32:59Z" name="Default suite" finished-at="2025-06-18T16:33:57Z" duration-ms="58120">
    <groups>
    </groups>
    <test started-at="2025-06-18T16:32:59Z" name="Default test" finished-at="2025-06-18T16:33:57Z" duration-ms="58120">
      <class name="pkg1.DDF_Facebook">
        <test-method is-config="true" signature="browerLaunch()[pri:0, instance:pkg1.DDF_Facebook@8dbfffb]" started-at="2025-06-18T22:02:59Z" name="browerLaunch" finished-at="2025-06-18T22:03:05Z" duration-ms="5911" status="PASS">
          <reporter-output>
          </reporter-output>
        </test-method> <!-- browerLaunch -->
        <test-method signature="facebook_Test(java.lang.String, java.lang.String)[pri:0, instance:pkg1.DDF_Facebook@8dbfffb]" started-at="2025-06-18T22:03:05Z" name="facebook_Test" data-provider="dp2" finished-at="2025-06-18T22:03:08Z" duration-ms="2528" status="FAIL">
          <params>
            <param index="0">
              <value is-null="true"/>
            </param>
            <param index="1">
              <value is-null="true"/>
            </param>
          </params>
          <exception class="org.openqa.selenium.WebDriverException">
            <message>
              <![CDATA[unknown error: keys should be a string
  (Session info: chrome=137.0.7151.105)
  (Driver info: chromedriver=137.0.7151.70 (dfa4dc56b2abb56eb2a14cad006ea5e68c60d5de-refs/branch-heads/7151@{#1875}),platform=Windows NT 10.0.19045 x86_64) (WARNING: The server did not provide any stacktrace information)
Command duration or timeout: 288 milliseconds
Build info: version: '2.48.2', revision: '41bccdd', time: '2015-10-09 19:55:52'
System info: host: 'DESKTOP-RNCEDP5', ip: '172.19.96.1', os.name: 'Windows 10', os.arch: 'amd64', os.version: '10.0', java.version: '21.0.3'
Driver info: org.openqa.selenium.chrome.ChromeDriver
Capabilities [{mobileEmulationEnabled=false, timeouts={implicit=0, pageLoad=300000, script=30000}, hasTouchScreen=false, platform=XP, acceptSslCerts=false, goog:chromeOptions={debuggerAddress=localhost:54769}, webauthn:extension:credBlob=true, acceptInsecureCerts=false, fedcm:accounts=true, webStorageEnabled=true, browserName=chrome, takesScreenshot=true, javascriptEnabled=true, setWindowRect=true, webauthn:extension:largeBlob=true, unexpectedAlertBehaviour=ignore, rotatable=false, networkConnectionEnabled=false, chrome={chromedriverVersion=137.0.7151.70 (dfa4dc56b2abb56eb2a14cad006ea5e68c60d5de-refs/branch-heads/7151@{#1875}), userDataDir=C:\Users\USER\AppData\Local\Temp\scoped_dir13416_725653516}, takesHeapSnapshot=true, pageLoadStrategy=normal, strictFileInteractability=false, databaseEnabled=false, handlesAlerts=true, version=137.0.7151.105, browserConnectionEnabled=false, proxy={}, nativeEvents=true, webauthn:extension:minPinLength=true, webauthn:extension:prf=true, locationContextEnabled=true, cssSelectorsEnabled=true, webauthn:virtualAuthenticators=true}]
Session ID: f18134d781b720dc73dc194623ecd949]]>
            </message>
            <full-stacktrace>
              <![CDATA[org.openqa.selenium.WebDriverException: unknown error: keys should be a string
  (Session info: chrome=137.0.7151.105)
  (Driver info: chromedriver=137.0.7151.70 (dfa4dc56b2abb56eb2a14cad006ea5e68c60d5de-refs/branch-heads/7151@{#1875}),platform=Windows NT 10.0.19045 x86_64) (WARNING: The server did not provide any stacktrace information)
Command duration or timeout: 288 milliseconds
Build info: version: '2.48.2', revision: '41bccdd', time: '2015-10-09 19:55:52'
System info: host: 'DESKTOP-RNCEDP5', ip: '172.19.96.1', os.name: 'Windows 10', os.arch: 'amd64', os.version: '10.0', java.version: '21.0.3'
Driver info: org.openqa.selenium.chrome.ChromeDriver
Capabilities [{mobileEmulationEnabled=false, timeouts={implicit=0, pageLoad=300000, script=30000}, hasTouchScreen=false, platform=XP, acceptSslCerts=false, goog:chromeOptions={debuggerAddress=localhost:54769}, webauthn:extension:credBlob=true, acceptInsecureCerts=false, fedcm:accounts=true, webStorageEnabled=true, browserName=chrome, takesScreenshot=true, javascriptEnabled=true, setWindowRect=true, webauthn:extension:largeBlob=true, unexpectedAlertBehaviour=ignore, rotatable=false, networkConnectionEnabled=false, chrome={chromedriverVersion=137.0.7151.70 (dfa4dc56b2abb56eb2a14cad006ea5e68c60d5de-refs/branch-heads/7151@{#1875}), userDataDir=C:\Users\USER\AppData\Local\Temp\scoped_dir13416_725653516}, takesHeapSnapshot=true, pageLoadStrategy=normal, strictFileInteractability=false, databaseEnabled=false, handlesAlerts=true, version=137.0.7151.105, browserConnectionEnabled=false, proxy={}, nativeEvents=true, webauthn:extension:minPinLength=true, webauthn:extension:prf=true, locationContextEnabled=true, cssSelectorsEnabled=true, webauthn:virtualAuthenticators=true}]
Session ID: f18134d781b720dc73dc194623ecd949
	at java.base/jdk.internal.reflect.DirectConstructorHandleAccessor.newInstance(DirectConstructorHandleAccessor.java:62)
	at java.base/java.lang.reflect.Constructor.newInstanceWithCaller(Constructor.java:502)
	at java.base/java.lang.reflect.Constructor.newInstance(Constructor.java:486)
	at org.openqa.selenium.remote.ErrorHandler.createThrowable(ErrorHandler.java:206)
	at org.openqa.selenium.remote.ErrorHandler.throwIfResponseFailed(ErrorHandler.java:158)
	at org.openqa.selenium.remote.RemoteWebDriver.execute(RemoteWebDriver.java:647)
	at org.openqa.selenium.remote.RemoteWebElement.execute(RemoteWebElement.java:326)
	at org.openqa.selenium.remote.RemoteWebElement.sendKeys(RemoteWebElement.java:121)
	at pkg1.DDF_Facebook.facebook_Test(DDF_Facebook.java:34)
	at java.base/jdk.internal.reflect.DirectMethodHandleAccessor.invoke(DirectMethodHandleAccessor.java:103)
	at java.base/java.lang.reflect.Method.invoke(Method.java:580)
	at org.testng.internal.MethodInvocationHelper.invokeMethod(MethodInvocationHelper.java:85)
	at org.testng.internal.Invoker.invokeMethod(Invoker.java:639)
	at org.testng.internal.Invoker.invokeTestMethod(Invoker.java:821)
	at org.testng.internal.Invoker.invokeTestMethods(Invoker.java:1131)
	at org.testng.internal.TestMethodWorker.invokeTestMethods(TestMethodWorker.java:124)
	at org.testng.internal.TestMethodWorker.run(TestMethodWorker.java:108)
	at org.testng.TestRunner.privateRun(TestRunner.java:773)
	at org.testng.TestRunner.run(TestRunner.java:623)
	at org.testng.SuiteRunner.runTest(SuiteRunner.java:357)
	at org.testng.SuiteRunner.runSequentially(SuiteRunner.java:352)
	at org.testng.SuiteRunner.privateRun(SuiteRunner.java:310)
	at org.testng.SuiteRunner.run(SuiteRunner.java:259)
	at org.testng.SuiteRunnerWorker.runSuite(SuiteRunnerWorker.java:52)
	at org.testng.SuiteRunnerWorker.run(SuiteRunnerWorker.java:86)
	at org.testng.TestNG.runSuitesSequentially(TestNG.java:1185)
	at org.testng.TestNG.runSuitesLocally(TestNG.java:1110)
	at org.testng.TestNG.run(TestNG.java:1018)
	at org.testng.remote.AbstractRemoteTestNG.run(AbstractRemoteTestNG.java:115)
	at org.testng.remote.RemoteTestNG.initAndRun(RemoteTestNG.java:293)
	at org.testng.remote.RemoteTestNG.main(RemoteTestNG.java:91)
]]>
            </full-stacktrace>
          </exception> <!-- org.openqa.selenium.WebDriverException -->
          <reporter-output>
          </reporter-output>
        </test-method> <!-- facebook_Test -->
        <test-method is-config="true" signature="tearDown()[pri:0, instance:pkg1.DDF_Facebook@8dbfffb]" started-at="2025-06-18T22:03:08Z" name="tearDown" finished-at="2025-06-18T22:03:09Z" duration-ms="563" status="PASS">
          <reporter-output>
          </reporter-output>
        </test-method> <!-- tearDown -->
        <test-method is-config="true" signature="browerLaunch()[pri:0, instance:pkg1.DDF_Facebook@8dbfffb]" started-at="2025-06-18T22:03:09Z" name="browerLaunch" finished-at="2025-06-18T22:03:12Z" duration-ms="3743" status="PASS">
          <reporter-output>
          </reporter-output>
        </test-method> <!-- browerLaunch -->
        <test-method signature="facebook_Test(java.lang.String, java.lang.String)[pri:0, instance:pkg1.DDF_Facebook@8dbfffb]" started-at="2025-06-18T22:03:12Z" name="facebook_Test" data-provider="dp2" finished-at="2025-06-18T22:03:18Z" duration-ms="6001" status="PASS">
          <params>
            <param index="0">
              <value>
                <![CDATA[Bunty1]]>
              </value>
            </param>
            <param index="1">
              <value>
                <![CDATA[reyaz1]]>
              </value>
            </param>
          </params>
          <reporter-output>
          </reporter-output>
        </test-method> <!-- facebook_Test -->
        <test-method is-config="true" signature="tearDown()[pri:0, instance:pkg1.DDF_Facebook@8dbfffb]" started-at="2025-06-18T22:03:18Z" name="tearDown" finished-at="2025-06-18T22:03:19Z" duration-ms="439" status="PASS">
          <reporter-output>
          </reporter-output>
        </test-method> <!-- tearDown -->
        <test-method is-config="true" signature="browerLaunch()[pri:0, instance:pkg1.DDF_Facebook@8dbfffb]" started-at="2025-06-18T22:03:19Z" name="browerLaunch" finished-at="2025-06-18T22:03:22Z" duration-ms="3674" status="PASS">
          <reporter-output>
          </reporter-output>
        </test-method> <!-- browerLaunch -->
        <test-method signature="facebook_Test(java.lang.String, java.lang.String)[pri:0, instance:pkg1.DDF_Facebook@8dbfffb]" started-at="2025-06-18T22:03:22Z" name="facebook_Test" data-provider="dp2" finished-at="2025-06-18T22:03:28Z" duration-ms="5772" status="PASS">
          <params>
            <param index="0">
              <value>
                <![CDATA[Bunty2]]>
              </value>
            </param>
            <param index="1">
              <value>
                <![CDATA[reyaz2]]>
              </value>
            </param>
          </params>
          <reporter-output>
          </reporter-output>
        </test-method> <!-- facebook_Test -->
        <test-method is-config="true" signature="tearDown()[pri:0, instance:pkg1.DDF_Facebook@8dbfffb]" started-at="2025-06-18T22:03:28Z" name="tearDown" finished-at="2025-06-18T22:03:29Z" duration-ms="529" status="PASS">
          <reporter-output>
          </reporter-output>
        </test-method> <!-- tearDown -->
        <test-method is-config="true" signature="browerLaunch()[pri:0, instance:pkg1.DDF_Facebook@8dbfffb]" started-at="2025-06-18T22:03:29Z" name="browerLaunch" finished-at="2025-06-18T22:03:32Z" duration-ms="3703" status="PASS">
          <reporter-output>
          </reporter-output>
        </test-method> <!-- browerLaunch -->
        <test-method signature="facebook_Test(java.lang.String, java.lang.String)[pri:0, instance:pkg1.DDF_Facebook@8dbfffb]" started-at="2025-06-18T22:03:32Z" name="facebook_Test" data-provider="dp2" finished-at="2025-06-18T22:03:38Z" duration-ms="5184" status="PASS">
          <params>
            <param index="0">
              <value>
                <![CDATA[Bunty3]]>
              </value>
            </param>
            <param index="1">
              <value>
                <![CDATA[reyaz3]]>
              </value>
            </param>
          </params>
          <reporter-output>
          </reporter-output>
        </test-method> <!-- facebook_Test -->
        <test-method is-config="true" signature="tearDown()[pri:0, instance:pkg1.DDF_Facebook@8dbfffb]" started-at="2025-06-18T22:03:38Z" name="tearDown" finished-at="2025-06-18T22:03:38Z" duration-ms="514" status="PASS">
          <reporter-output>
          </reporter-output>
        </test-method> <!-- tearDown -->
        <test-method is-config="true" signature="browerLaunch()[pri:0, instance:pkg1.DDF_Facebook@8dbfffb]" started-at="2025-06-18T22:03:38Z" name="browerLaunch" finished-at="2025-06-18T22:03:42Z" duration-ms="3667" status="PASS">
          <reporter-output>
          </reporter-output>
        </test-method> <!-- browerLaunch -->
        <test-method signature="facebook_Test(java.lang.String, java.lang.String)[pri:0, instance:pkg1.DDF_Facebook@8dbfffb]" started-at="2025-06-18T22:03:42Z" name="facebook_Test" data-provider="dp2" finished-at="2025-06-18T22:03:47Z" duration-ms="5395" status="PASS">
          <params>
            <param index="0">
              <value>
                <![CDATA[Bunty4]]>
              </value>
            </param>
            <param index="1">
              <value>
                <![CDATA[reyaz4]]>
              </value>
            </param>
          </params>
          <reporter-output>
          </reporter-output>
        </test-method> <!-- facebook_Test -->
        <test-method is-config="true" signature="tearDown()[pri:0, instance:pkg1.DDF_Facebook@8dbfffb]" started-at="2025-06-18T22:03:47Z" name="tearDown" finished-at="2025-06-18T22:03:48Z" duration-ms="551" status="PASS">
          <reporter-output>
          </reporter-output>
        </test-method> <!-- tearDown -->
        <test-method is-config="true" signature="browerLaunch()[pri:0, instance:pkg1.DDF_Facebook@8dbfffb]" started-at="2025-06-18T22:03:48Z" name="browerLaunch" finished-at="2025-06-18T22:03:51Z" duration-ms="3561" status="PASS">
          <reporter-output>
          </reporter-output>
        </test-method> <!-- browerLaunch -->
        <test-method signature="facebook_Test(java.lang.String, java.lang.String)[pri:0, instance:pkg1.DDF_Facebook@8dbfffb]" started-at="2025-06-18T22:03:51Z" name="facebook_Test" data-provider="dp2" finished-at="2025-06-18T22:03:57Z" duration-ms="5348" status="PASS">
          <params>
            <param index="0">
              <value>
                <![CDATA[Bunty5]]>
              </value>
            </param>
            <param index="1">
              <value>
                <![CDATA[reyaz5]]>
              </value>
            </param>
          </params>
          <reporter-output>
          </reporter-output>
        </test-method> <!-- facebook_Test -->
        <test-method is-config="true" signature="tearDown()[pri:0, instance:pkg1.DDF_Facebook@8dbfffb]" started-at="2025-06-18T22:03:57Z" name="tearDown" finished-at="2025-06-18T22:03:57Z" duration-ms="545" status="PASS">
          <reporter-output>
          </reporter-output>
        </test-method> <!-- tearDown -->
      </class> <!-- pkg1.DDF_Facebook -->
    </test> <!-- Default test -->
  </suite> <!-- Default suite -->
</testng-results>
